2025-04-18 08:38:44,299 - INFO - Initialized provider Chainstack - latest block: 22293097
2025-04-18 08:38:45,068 - INFO - Initialized provider Alchemy - latest block: 22293097
2025-04-18 08:38:45,234 - INFO - Checked provider Chainstack, latest block: 22293097
2025-04-18 08:38:45,632 - INFO - {"block_number": 22293097, "timestamp": 1744945715, "transaction_count": 137, "provider": "Chainstack", "hash": "14521ee6e0b3862750d211e1253383cdf8a6ddfe1f7b76601e8b6c4b4b02ce3d"}
2025-04-18 08:38:50,830 - INFO - Checked provider Chainstack, latest block: 22293097
2025-04-18 08:38:56,026 - INFO - Checked provider Chainstack, latest block: 22293098
2025-04-18 08:38:56,210 - INFO - {"block_number": 22293098, "timestamp": 1744945727, "transaction_count": 228, "provider": "Chainstack", "hash": "03e7dd3db55d09d84fc3705304cbf863381e28f987599fff7b44cad50b4a51d9"}
2025-04-18 08:39:01,410 - INFO - Checked provider Chainstack, latest block: 22293098
2025-04-18 08:39:06,609 - INFO - Checked provider Chainstack, latest block: 22293098
2025-04-18 08:39:12,139 - INFO - Checked provider Chainstack, latest block: 22293099
2025-04-18 08:39:12,327 - INFO - {"block_number": 22293099, "timestamp": 1744945739, "transaction_count": 109, "provider": "Chainstack", "hash": "688634ce0ca64f74491874cd3cbe6748628e6391f1d9cafcfced4f7a211201fd"}
2025-04-18 08:39:17,539 - INFO - Checked provider Chainstack, latest block: 22293099
2025-04-18 09:04:03,502 - INFO - Initialized provider Chainstack - latest block: 22293223
2025-04-18 09:04:03,723 - INFO - Initialized provider Alchemy - latest block: 22293224
2025-04-18 09:04:03,882 - INFO - Checked provider Chainstack, latest block: 22293223
2025-04-18 09:04:04,059 - INFO - {"block_number": 22293223, "timestamp": 1744947227, "transaction_count": 173, "provider": "Chainstack", "hash": "ca571d984c08508b6f400432199f7dc1f3551a37217a5832b0ce925a37074f67"}
2025-04-18 09:04:09,251 - INFO - Checked provider Chainstack, latest block: 22293224
2025-04-18 09:04:09,426 - INFO - {"block_number": 22293224, "timestamp": 1744947239, "transaction_count": 137, "provider": "Chainstack", "hash": "0ecd60d5225bb56135dd01614613adc50c8b4dc5d3b39e149d881dfb2c8ec264"}
2025-04-18 09:08:21,349 - INFO - Initialized provider Chainstack - latest block: 22293245
2025-04-18 09:08:21,709 - INFO - Initialized provider Alchemy - latest block: 22293245
2025-04-18 09:08:21,874 - INFO - Checked provider Chainstack, latest block: 22293245
2025-04-18 09:08:22,231 - INFO - {"block_number": 22293245, "timestamp": 1744947491, "transaction_count": 213, "provider": "Chainstack", "hash": "424fabb7ee2f7b1cdfc0af330298f9547b5454e928d966638bac93ac327e154e"}
2025-04-18 09:08:27,414 - INFO - Checked provider Chainstack, latest block: 22293246
2025-04-18 09:08:27,593 - INFO - {"block_number": 22293246, "timestamp": 1744947503, "transaction_count": 133, "provider": "Chainstack", "hash": "1e8295d8f14b7d1d068d99263f98a5f11bdcbbace7e23f4d2ccd40543128da9e"}
2025-04-18 09:08:32,774 - INFO - Checked provider Chainstack, latest block: 22293246
2025-04-18 09:08:37,957 - INFO - Checked provider Chainstack, latest block: 22293246
2025-04-18 09:08:43,141 - INFO - Checked provider Chainstack, latest block: 22293247
2025-04-18 09:08:43,309 - INFO - {"block_number": 22293247, "timestamp": 1744947515, "transaction_count": 69, "provider": "Chainstack", "hash": "446b0f2cc9301d290808d1c98eef7967e662d9db356b96927912fbf78b65607b"}
2025-04-18 09:08:48,497 - INFO - Checked provider Chainstack, latest block: 22293247
2025-04-18 09:08:53,770 - INFO - Checked provider Chainstack, latest block: 22293248
2025-04-18 09:08:54,190 - INFO - {"block_number": 22293248, "timestamp": 1744947527, "transaction_count": 205, "provider": "Chainstack", "hash": "88e873f93183b39bd7fedc4a5a7a0ac76222d93389623cdee713c4d7dc5210d3"}
2025-04-18 09:08:59,371 - INFO - Checked provider Chainstack, latest block: 22293248
2025-04-18 09:10:14,260 - INFO - Initialized provider Chainstack - latest block: 22293254
2025-04-18 09:10:15,172 - INFO - Initialized provider Alchemy - latest block: 22293255
2025-04-18 09:10:15,365 - INFO - Checked provider Chainstack, latest block: 22293254
2025-04-18 09:10:15,583 - INFO - {"block_number": 22293254, "timestamp": 1744947599, "transaction_count": 67, "provider": "Chainstack", "hash": "0xd2b92ec093a0de1d6c220c252d468fd98f3fdc5204b6dff170e20ade0faaa4e2"}
2025-04-18 09:10:20,764 - INFO - Checked provider Chainstack, latest block: 22293255
2025-04-18 09:10:21,034 - INFO - {"block_number": 22293255, "timestamp": 1744947611, "transaction_count": 149, "provider": "Chainstack", "hash": "0x1193982dd4e95452565f113585d5150b01004deec6c8635a2e2186654567a266"}
2025-04-18 09:10:26,223 - INFO - Checked provider Chainstack, latest block: 22293255
2025-04-18 09:12:57,048 - INFO - Initialized provider Chainstack - latest block: 22293268
2025-04-18 09:12:57,267 - INFO - Initialized provider Alchemy - latest block: 22293268
2025-04-18 09:12:57,433 - INFO - Checked provider Chainstack, latest block: 22293268
2025-04-18 09:12:57,778 - INFO - {"block_number": 22293268, "timestamp": 1744947767, "transaction_count": 95, "provider": "Chainstack", "hash": "0x123aa320dc3477acc448ce132f0b04db634089fbe928307562d742569ab40b7f"}
2025-04-18 09:13:02,969 - INFO - Checked provider Chainstack, latest block: 22293268
2025-04-18 09:13:08,148 - INFO - Checked provider Chainstack, latest block: 22293269
2025-04-18 09:13:08,326 - INFO - {"block_number": 22293269, "timestamp": 1744947779, "transaction_count": 123, "provider": "Chainstack", "hash": "0xf873e816854fc012b283595473069a70daf22a13fe766ddaaf8123b9606bf62b"}
